C:\Program Files\Microsoft Visual Studio\2022\Community\MSBuild\Microsoft\VC\v170\Microsoft.CppBuild.targets(517,5): warning MSB8004: El directorio Output no termina con una barra diagonal final. Esta instancia de compilación agregará la barra diagonal porque es necesaria para que se pueda evaluar correctamente el directorio Output.
C:\Program Files\Microsoft Visual Studio\2022\Community\MSBuild\Microsoft\VC\v170\Microsoft.CppBuild.targets(531,5): warning MSB8028: El directorio intermedio (x64\Debug\) contiene archivos compartidos de otro proyecto (TPV2.vcxproj). Esto puede dar lugar a un comportamiento incorrecto de limpieza y recompilación.
  AttackComponent.cpp
C:\Users\Javi\Desktop\NineandoCorp\ProyectoH\src\components\AttackComponent.cpp(63,13): warning C4244: 'return': conversión de 'double' a 'float'; posible pérdida de datos
C:\Users\Javi\Desktop\NineandoCorp\ProyectoH\src\components\AttackComponent.cpp(66,51): warning C4244: 'return': conversión de 'const int' a 'float'; posible pérdida de datos
C:\Users\Javi\Desktop\NineandoCorp\ProyectoH\src\components\AttackComponent.cpp(76,23): error C2039: "shouldShoot": no es un miembro de "AttackComponent"
C:\Users\Javi\Desktop\NineandoCorp\ProyectoH\src\components\AttackComponent.h(10,7): message : vea la declaración de 'AttackComponent'
C:\Users\Javi\Desktop\NineandoCorp\ProyectoH\src\components\AttackComponent.cpp(76,23): error C2270: 'shouldShoot': modificadores no permitidos en funciones que no sean miembro
C:\Users\Javi\Desktop\NineandoCorp\ProyectoH\src\components\AttackComponent.cpp(76,51): error C2065: 'shootBullets_': identificador no declarado
  BulletComponent.cpp
  main.cpp
  MainMenuSystem.cpp
  TowerSystem.cpp
C:\Users\Javi\Desktop\NineandoCorp\ProyectoH\src\systems\TowerSystem.h(24,15): error C3646: 'timer_': especificador de invalidación desconocido
C:\Users\Javi\Desktop\NineandoCorp\ProyectoH\src\systems\TowerSystem.h(24,21): error C4430: falta el especificador de tipo; se presupone int. Nota: C++ no admite default-int
C:\Users\Javi\Desktop\NineandoCorp\ProyectoH\src\systems\TowerSystem.cpp(6,28): error C2614: 'TowerSystem': inicialización de miembro no válida: 'timer_' no es una base o miembro
C:\Users\Javi\Desktop\NineandoCorp\ProyectoH\src\systems\TowerSystem.cpp(38,23): error C2065: 'timer_': identificador no declarado
  Generando código...
